<?xml version="1.0" encoding="UTF-8"?>
<!-- Generated by org.testng.reporters.JUnitXMLReporter -->
<testsuite hostname="DESKTOP-9BG7FDN" ignored="0" name="Test123" tests="3" failures="1" timestamp="25 Feb 2019 15:23:57 GMT" time="0.069" errors="0">
  <testcase name="addition" time="0.023" classname="com.testng.examples.SkipTestCases"/>
  <testcase name="failingTestCase" time="0.004" classname="com.testng.examples.SkipTestCases">
    <failure type="java.lang.AssertionError" message="expected [true] but found [false]">
      <![CDATA[java.lang.AssertionError: expected [true] but found [false]
at com.testng.examples.SkipTestCases.failingTestCase(SkipTestCases.java:36)
... Removed 29 stack frames]]>
    </failure>
  </testcase> <!-- failingTestCase -->
  <testcase name="substraction" time="0.003" classname="com.testng.examples.SkipTestCases">
    <skipped/>
  </testcase> <!-- substraction -->
</testsuite> <!-- Test123 -->
